[35m[1mConsolidate compiler generated dependencies of target client[0m
[35m[1mConsolidate compiler generated dependencies of target server[0m
[ 33%] Built target final_server
[ 50%] [32mBuilding CXX object CMakeFiles/client.dir/src/homework2_2_pkg_client.cpp.o[0m
[ 66%] [32mBuilding CXX object CMakeFiles/server.dir/src/homework2_2_pkg_server.cpp.o[0m
[01m[K/home/tkdals/robot_ws/src/homework2_2_pkg/src/homework2_2_pkg_server.cpp:[m[K In member function â€˜[01m[Kvoid Server::Callback(std::shared_ptr<tutorial_interfaces::srv::Plus_Request_<std::allocator<void> > >, std::shared_ptr<tutorial_interfaces::srv::Plus_Response_<std::allocator<void> > >)[m[Kâ€™:
[01m[K/home/tkdals/robot_ws/src/homework2_2_pkg/src/homework2_2_pkg_server.cpp:28:28:[m[K [01;31m[Kerror: [m[Kâ€˜[01m[Kusing element_type = class rclcpp::Client<tutorial_interfaces::srv::Plus2>[m[Kâ€™ {aka â€˜[01m[Kclass rclcpp::Client<tutorial_interfaces::srv::Plus2>[m[Kâ€™} has no member named â€˜[01m[Kasync_Send[m[Kâ€™
   28 |     auto future = client_->[01;31m[Kasync_Send[m[K(server2_request,
      |                            [01;31m[K^~~~~~~~~~[m[K
gmake[2]: *** [CMakeFiles/server.dir/build.make:76: CMakeFiles/server.dir/src/homework2_2_pkg_server.cpp.o] Error 1
gmake[1]: *** [CMakeFiles/Makefile2:141: CMakeFiles/server.dir/all] Error 2
gmake[1]: *** Waiting for unfinished jobs....
[ 83%] [32m[1mLinking CXX executable client[0m
[ 83%] Built target client
gmake: *** [Makefile:146: all] Error 2
