[0.007s] Invoking command in '/home/tkdals/robot_ws/build/homework3_pkg': CMAKE_PREFIX_PATH=/opt/ros/humble:/home/tkdals/robot_ws/install/dynamixel_sdk:/home/tkdals/robot_ws/install/homework2_2_pkg:/home/tkdals/robot_ws/install/tutorial_interfaces:/home/tkdals/robot_ws/install/homework3_pkg:/home/tkdals/robot_ws/install/homework1_pkg:/home/tkdals/robot_ws/install/ex_client_server_pkg LD_LIBRARY_PATH=/home/tkdals/robot_ws/install/dynamixel_sdk/lib:/home/tkdals/robot_ws/install/tutorial_interfaces/lib:/opt/ros/humble/opt/rviz_ogre_vendor/lib:/opt/ros/humble/lib/x86_64-linux-gnu:/opt/ros/humble/lib /usr/bin/cmake --build /home/tkdals/robot_ws/build/homework3_pkg -- -j20 -l20
[0.042s] [35m[1mConsolidate compiler generated dependencies of target dynamixel[0m
[0.052s] [ 50%] [32mBuilding CXX object CMakeFiles/dynamixel.dir/src/homework3_pkg_trydynamixel.cpp.o[0m
[0.149s] [01m[K/home/tkdals/robot_ws/src/homework3_pkg/src/homework3_pkg_trydynamixel.cpp:[m[K In member function â€˜[01m[Kvoid Motor::Activate(int)[m[Kâ€™:
[0.149s] [01m[K/home/tkdals/robot_ws/src/homework3_pkg/src/homework3_pkg_trydynamixel.cpp:93:7:[m[K [01;35m[Kwarning: [m[Kunused variable â€˜[01m[Kindex[m[Kâ€™ [[01;35m[K]8;;https://gcc.gnu.org/onlinedocs/gcc/Warning-Options.html#index-Wunused-variable-Wunused-variable]8;;[m[K]
[0.149s]    93 |   int [01;35m[Kindex[m[K = 0;
[0.149s]       |       [01;35m[K^~~~~[m[K
[0.149s] [01m[K/home/tkdals/robot_ws/src/homework3_pkg/src/homework3_pkg_trydynamixel.cpp:[m[K In function â€˜[01m[Kint main(int, char**)[m[Kâ€™:
[0.149s] [01m[K/home/tkdals/robot_ws/src/homework3_pkg/src/homework3_pkg_trydynamixel.cpp:222:6:[m[K [01;31m[Kerror: [m[Kexpected unqualified-id before â€˜[01m[K.[m[Kâ€™ token
[0.149s]   222 | Motor[01;31m[K.[m[KActivate(atoll(argv[1]));
[0.149s]       |      [01;31m[K^[m[K
[0.149s] [01m[K/home/tkdals/robot_ws/src/homework3_pkg/src/homework3_pkg_trydynamixel.cpp:219:14:[m[K [01;35m[Kwarning: [m[Kunused parameter â€˜[01m[Kargc[m[Kâ€™ [[01;35m[K]8;;https://gcc.gnu.org/onlinedocs/gcc/Warning-Options.html#index-Wunused-parameter-Wunused-parameter]8;;[m[K]
[0.149s]   219 | int main([01;35m[Kint argc[m[K, char **argv)
[0.149s]       |          [01;35m[K~~~~^~~~[m[K
[0.149s] [01m[K/home/tkdals/robot_ws/src/homework3_pkg/src/homework3_pkg_trydynamixel.cpp:219:27:[m[K [01;35m[Kwarning: [m[Kunused parameter â€˜[01m[Kargv[m[Kâ€™ [[01;35m[K]8;;https://gcc.gnu.org/onlinedocs/gcc/Warning-Options.html#index-Wunused-parameter-Wunused-parameter]8;;[m[K]
[0.149s]   219 | int main(int argc, [01;35m[Kchar **argv[m[K)
[0.149s]       |                    [01;35m[K~~~~~~~^~~~[m[K
[0.157s] gmake[2]: *** [CMakeFiles/dynamixel.dir/build.make:76: CMakeFiles/dynamixel.dir/src/homework3_pkg_trydynamixel.cpp.o] Error 1
[0.157s] gmake[1]: *** [CMakeFiles/Makefile2:137: CMakeFiles/dynamixel.dir/all] Error 2
[0.158s] gmake: *** [Makefile:146: all] Error 2
[0.160s] Invoked command in '/home/tkdals/robot_ws/build/homework3_pkg' returned '2': CMAKE_PREFIX_PATH=/opt/ros/humble:/home/tkdals/robot_ws/install/dynamixel_sdk:/home/tkdals/robot_ws/install/homework2_2_pkg:/home/tkdals/robot_ws/install/tutorial_interfaces:/home/tkdals/robot_ws/install/homework3_pkg:/home/tkdals/robot_ws/install/homework1_pkg:/home/tkdals/robot_ws/install/ex_client_server_pkg LD_LIBRARY_PATH=/home/tkdals/robot_ws/install/dynamixel_sdk/lib:/home/tkdals/robot_ws/install/tutorial_interfaces/lib:/opt/ros/humble/opt/rviz_ogre_vendor/lib:/opt/ros/humble/lib/x86_64-linux-gnu:/opt/ros/humble/lib /usr/bin/cmake --build /home/tkdals/robot_ws/build/homework3_pkg -- -j20 -l20
