[35m[1mConsolidate compiler generated dependencies of target dynamixel[0m
[ 50%] [32mBuilding CXX object CMakeFiles/dynamixel.dir/src/homework3_pkg_trydynamixel.cpp.o[0m
In file included from [01m[K/home/tkdals/robot_ws/src/homework3_pkg/src/homework3_pkg_trydynamixel.cpp:1[m[K:
[01m[K/home/tkdals/robot_ws/src/homework3_pkg/include/homework3_pkg/homework3_pkg_trydynamixel.hpp:[m[K In member function â€˜[01m[Kvoid Motor::Activate(int, int)[m[Kâ€™:
[01m[K/home/tkdals/robot_ws/src/homework3_pkg/include/homework3_pkg/homework3_pkg_trydynamixel.hpp:178:68:[m[K [01;31m[Kerror: [m[Kexpected primary-expression before â€˜[01m[K)[m[Kâ€™ token
  178 |       printf("[ID:%03d] GoalPos:%03d ", dxl_id, dxl_goal_position, [01;31m[K)[m[K;
      |                                                                    [01;31m[K^[m[K
[01m[K/home/tkdals/robot_ws/src/homework3_pkg/include/homework3_pkg/homework3_pkg_trydynamixel.hpp:93:7:[m[K [01;35m[Kwarning: [m[Kunused variable â€˜[01m[Kindex[m[Kâ€™ [[01;35m[K]8;;https://gcc.gnu.org/onlinedocs/gcc/Warning-Options.html#index-Wunused-variable-Wunused-variable]8;;[m[K]
   93 |   int [01;35m[Kindex[m[K = 0;
      |       [01;35m[K^~~~~[m[K
[01m[K/home/tkdals/robot_ws/src/homework3_pkg/src/homework3_pkg_trydynamixel.cpp:[m[K In function â€˜[01m[Kint main(int, char**)[m[Kâ€™:
[01m[K/home/tkdals/robot_ws/src/homework3_pkg/src/homework3_pkg_trydynamixel.cpp:4:14:[m[K [01;35m[Kwarning: [m[Kunused parameter â€˜[01m[Kargc[m[Kâ€™ [[01;35m[K]8;;https://gcc.gnu.org/onlinedocs/gcc/Warning-Options.html#index-Wunused-parameter-Wunused-parameter]8;;[m[K]
    4 | int main([01;35m[Kint argc[m[K, char **argv)
      |          [01;35m[K~~~~^~~~[m[K
gmake[2]: *** [CMakeFiles/dynamixel.dir/build.make:76: CMakeFiles/dynamixel.dir/src/homework3_pkg_trydynamixel.cpp.o] Error 1
gmake[1]: *** [CMakeFiles/Makefile2:137: CMakeFiles/dynamixel.dir/all] Error 2
gmake: *** [Makefile:146: all] Error 2
