[0.007s] Invoking command in '/home/tkdals/robot_ws/build/homework2_2_pkg': CMAKE_PREFIX_PATH=/home/tkdals/robot_ws/install/tutorial_interfaces:/home/tkdals/robot_ws/install/homework2_2_pkg:/home/tkdals/robot_ws/install/homework1_pkg:/home/tkdals/robot_ws/install/ex_client_server_pkg:/opt/ros/humble /usr/bin/cmake --build /home/tkdals/robot_ws/build/homework2_2_pkg -- -j20 -l20
[0.046s] [35m[1mConsolidate compiler generated dependencies of target client[0m
[0.048s] [35m[1mConsolidate compiler generated dependencies of target server[0m
[0.061s] [ 16%] [32mBuilding CXX object CMakeFiles/client.dir/src/homework2_2_pkg_client.cpp.o[0m
[0.062s] [ 50%] Built target final_server
[0.064s] [ 83%] Built target server
[1.382s] [01m[K/home/tkdals/robot_ws/src/homework2_2_pkg/src/homework2_2_pkg_client.cpp:[m[K In member function â€˜[01m[Kvoid ClientNode::Send(int64_t)[m[Kâ€™:
[1.382s] [01m[K/home/tkdals/robot_ws/src/homework2_2_pkg/src/homework2_2_pkg_client.cpp:28:28:[m[K [01;31m[Kerror: [m[Kâ€˜[01m[Kusing element_type = class rclcpp::Client<tutorial_interfaces::srv::Plus>[m[Kâ€™ {aka â€˜[01m[Kclass rclcpp::Client<tutorial_interfaces::srv::Plus>[m[Kâ€™} has no member named â€˜[01m[Kasync_Send[m[Kâ€™
[1.382s]    28 |     auto future = client_->[01;31m[Kasync_Send[m[K(request,
[1.382s]       |                            [01;31m[K^~~~~~~~~~[m[K
[1.700s] gmake[2]: *** [CMakeFiles/client.dir/build.make:76: CMakeFiles/client.dir/src/homework2_2_pkg_client.cpp.o] Error 1
[1.700s] gmake[1]: *** [CMakeFiles/Makefile2:167: CMakeFiles/client.dir/all] Error 2
[1.700s] gmake: *** [Makefile:146: all] Error 2
[1.702s] Invoked command in '/home/tkdals/robot_ws/build/homework2_2_pkg' returned '2': CMAKE_PREFIX_PATH=/home/tkdals/robot_ws/install/tutorial_interfaces:/home/tkdals/robot_ws/install/homework2_2_pkg:/home/tkdals/robot_ws/install/homework1_pkg:/home/tkdals/robot_ws/install/ex_client_server_pkg:/opt/ros/humble /usr/bin/cmake --build /home/tkdals/robot_ws/build/homework2_2_pkg -- -j20 -l20
