[0.010s] Invoking command in '/home/tkdals/robot_ws/build/homework2_2_pkg': CMAKE_PREFIX_PATH=/home/tkdals/robot_ws/install/tutorial_interfaces:/home/tkdals/robot_ws/install/homework2_2_pkg:/home/tkdals/robot_ws/install/homework1_pkg:/home/tkdals/robot_ws/install/ex_client_server_pkg:/opt/ros/humble /usr/bin/cmake --build /home/tkdals/robot_ws/build/homework2_2_pkg -- -j20 -l20
[0.059s] [35m[1mConsolidate compiler generated dependencies of target server[0m
[0.070s] [ 16%] [32mBuilding CXX object CMakeFiles/final_server.dir/src/homework2_2_pkg_final_server.cpp.o[0m
[0.072s] [ 50%] Built target client
[0.077s] [ 83%] Built target server
[1.391s] [01m[K/home/tkdals/robot_ws/src/homework2_2_pkg/src/homework2_2_pkg_final_server.cpp:[m[K In constructor â€˜[01m[KAdd2Server::Add2Server(const string&)[m[Kâ€™:
[1.391s] [01m[K/home/tkdals/robot_ws/src/homework2_2_pkg/src/homework2_2_pkg_final_server.cpp:9:42:[m[K [01;31m[Kerror: [m[Kâ€˜[01m[Kadd2_callback[m[Kâ€™ is not a member of â€˜[01m[KAdd2Server[m[Kâ€™
[1.391s]     9 |         "value2", std::bind(&Add2Server::[01;31m[Kadd2_callback[m[K, this, std::placeholders::_1, std::placeholders::_2));
[1.391s]       |                                          [01;31m[K^~~~~~~~~~~~~[m[K
[1.647s] gmake[2]: *** [CMakeFiles/final_server.dir/build.make:76: CMakeFiles/final_server.dir/src/homework2_2_pkg_final_server.cpp.o] Error 1
[1.647s] gmake[1]: *** [CMakeFiles/Makefile2:193: CMakeFiles/final_server.dir/all] Error 2
[1.647s] gmake: *** [Makefile:146: all] Error 2
[1.650s] Invoked command in '/home/tkdals/robot_ws/build/homework2_2_pkg' returned '2': CMAKE_PREFIX_PATH=/home/tkdals/robot_ws/install/tutorial_interfaces:/home/tkdals/robot_ws/install/homework2_2_pkg:/home/tkdals/robot_ws/install/homework1_pkg:/home/tkdals/robot_ws/install/ex_client_server_pkg:/opt/ros/humble /usr/bin/cmake --build /home/tkdals/robot_ws/build/homework2_2_pkg -- -j20 -l20
