[0.008s] Invoking command in '/home/tkdals/robot_ws/build/homework3_pkg': CMAKE_PREFIX_PATH=/opt/ros/humble:/home/tkdals/robot_ws/install/dynamixel_sdk:/home/tkdals/robot_ws/install/homework2_2_pkg:/home/tkdals/robot_ws/install/tutorial_interfaces:/home/tkdals/robot_ws/install/homework3_pkg:/home/tkdals/robot_ws/install/homework1_pkg:/home/tkdals/robot_ws/install/ex_client_server_pkg LD_LIBRARY_PATH=/home/tkdals/robot_ws/install/dynamixel_sdk/lib:/home/tkdals/robot_ws/install/tutorial_interfaces/lib:/opt/ros/humble/opt/rviz_ogre_vendor/lib:/opt/ros/humble/lib/x86_64-linux-gnu:/opt/ros/humble/lib /usr/bin/cmake --build /home/tkdals/robot_ws/build/homework3_pkg -- -j20 -l20
[0.039s] [35m[1mConsolidate compiler generated dependencies of target dynamixel[0m
[0.039s] [35m[1mConsolidate compiler generated dependencies of target motor[0m
[0.050s] [ 25%] [32mBuilding CXX object CMakeFiles/dynamixel.dir/src/homework3_pkg_main.cpp.o[0m
[0.051s] [ 50%] [32mBuilding CXX object CMakeFiles/motor.dir/src/homework3_pkg_trydynamixel.cpp.o[0m
[0.180s] In file included from [01m[K/home/tkdals/robot_ws/src/homework3_pkg/src/homework3_pkg_trydynamixel.cpp:1[m[K:
[0.180s] [01m[K/home/tkdals/robot_ws/src/homework3_pkg/include/homework3_pkg/homework3_pkg_trydynamixel.hpp:36:11:[m[K [01;31m[Kerror: [m[Kexpected â€˜[01m[K;[m[Kâ€™ at end of member declaration
[0.180s]    36 | int getch([01;31m[K)[m[K
[0.180s]       |           [01;31m[K^[m[K
[0.180s]       |            [32m[K;[m[K
[0.180s] [01m[K/home/tkdals/robot_ws/src/homework3_pkg/include/homework3_pkg/homework3_pkg_trydynamixel.hpp:39:15:[m[K [01;31m[Kerror: [m[Kexpected â€˜[01m[K;[m[Kâ€™ at end of member declaration
[0.181s]    39 | int kbhit(void[01;31m[K)[m[K
[0.181s]       |               [01;31m[K^[m[K
[0.181s]       |                [32m[K;[m[K
[0.181s] [01m[K/home/tkdals/robot_ws/src/homework3_pkg/include/homework3_pkg/homework3_pkg_trydynamixel.hpp:43:37:[m[K [01;31m[Kerror: [m[Kexpected â€˜[01m[K;[m[Kâ€™ at end of member declaration
[0.181s]    43 | void Activate (int value, int dxl_id[01;31m[K)[m[K
[0.181s]       |                                     [01;31m[K^[m[K
[0.181s]       |                                      [32m[K;[m[K
[0.181s] [01m[K/home/tkdals/robot_ws/src/homework3_pkg/src/homework3_pkg_trydynamixel.cpp:[m[K In member function â€˜[01m[Kvoid Motor::Activate(int, int)[m[Kâ€™:
[0.181s] [01m[K/home/tkdals/robot_ws/src/homework3_pkg/src/homework3_pkg_trydynamixel.cpp:59:7:[m[K [01;35m[Kwarning: [m[Kunused variable â€˜[01m[Kindex[m[Kâ€™ [[01;35m[K]8;;https://gcc.gnu.org/onlinedocs/gcc/Warning-Options.html#index-Wunused-variable-Wunused-variable]8;;[m[K]
[0.181s]    59 |   int [01;35m[Kindex[m[K = 0;
[0.181s]       |       [01;35m[K^~~~~[m[K
[0.188s] In file included from [01m[K/home/tkdals/robot_ws/src/homework3_pkg/src/homework3_pkg_main.cpp:1[m[K:
[0.188s] [01m[K/home/tkdals/robot_ws/src/homework3_pkg/include/homework3_pkg/homework3_pkg_trydynamixel.hpp:36:11:[m[K [01;31m[Kerror: [m[Kexpected â€˜[01m[K;[m[Kâ€™ at end of member declaration
[0.188s]    36 | int getch([01;31m[K)[m[K
[0.188s]       |           [01;31m[K^[m[K
[0.188s]       |            [32m[K;[m[K
[0.188s] [01m[K/home/tkdals/robot_ws/src/homework3_pkg/include/homework3_pkg/homework3_pkg_trydynamixel.hpp:39:15:[m[K [01;31m[Kerror: [m[Kexpected â€˜[01m[K;[m[Kâ€™ at end of member declaration
[0.188s]    39 | int kbhit(void[01;31m[K)[m[K
[0.188s]       |               [01;31m[K^[m[K
[0.188s]       |                [32m[K;[m[K
[0.188s] [01m[K/home/tkdals/robot_ws/src/homework3_pkg/include/homework3_pkg/homework3_pkg_trydynamixel.hpp:43:37:[m[K [01;31m[Kerror: [m[Kexpected â€˜[01m[K;[m[Kâ€™ at end of member declaration
[0.188s]    43 | void Activate (int value, int dxl_id[01;31m[K)[m[K
[0.189s]       |                                     [01;31m[K^[m[K
[0.189s]       |                                      [32m[K;[m[K
[0.189s] [01m[K/home/tkdals/robot_ws/src/homework3_pkg/src/homework3_pkg_main.cpp:[m[K In function â€˜[01m[Kint main(int, char**)[m[Kâ€™:
[0.189s] [01m[K/home/tkdals/robot_ws/src/homework3_pkg/src/homework3_pkg_main.cpp:3:14:[m[K [01;35m[Kwarning: [m[Kunused parameter â€˜[01m[Kargc[m[Kâ€™ [[01;35m[K]8;;https://gcc.gnu.org/onlinedocs/gcc/Warning-Options.html#index-Wunused-parameter-Wunused-parameter]8;;[m[K]
[0.189s]     3 | int main([01;35m[Kint argc[m[K, char **argv)
[0.189s]       |          [01;35m[K~~~~^~~~[m[K
[0.190s] [01m[K/home/tkdals/robot_ws/src/homework3_pkg/src/homework3_pkg_trydynamixel.cpp:[m[K In member function â€˜[01m[Kint Motor::kbhit()[m[Kâ€™:
[0.190s] [01m[K/home/tkdals/robot_ws/src/homework3_pkg/src/homework3_pkg_trydynamixel.cpp:51:1:[m[K [01;35m[Kwarning: [m[Kcontrol reaches end of non-void function [[01;35m[K]8;;https://gcc.gnu.org/onlinedocs/gcc/Warning-Options.html#index-Wreturn-type-Wreturn-type]8;;[m[K]
[0.190s]    51 | [01;35m[K}[m[K
[0.190s]       | [01;35m[K^[m[K
[0.193s] gmake[2]: *** [CMakeFiles/motor.dir/build.make:76: CMakeFiles/motor.dir/src/homework3_pkg_trydynamixel.cpp.o] Error 1
[0.193s] gmake[1]: *** [CMakeFiles/Makefile2:165: CMakeFiles/motor.dir/all] Error 2
[0.193s] gmake[1]: *** Waiting for unfinished jobs....
[0.215s] gmake[2]: *** [CMakeFiles/dynamixel.dir/build.make:76: CMakeFiles/dynamixel.dir/src/homework3_pkg_main.cpp.o] Error 1
[0.215s] gmake[1]: *** [CMakeFiles/Makefile2:139: CMakeFiles/dynamixel.dir/all] Error 2
[0.215s] gmake: *** [Makefile:146: all] Error 2
[0.217s] Invoked command in '/home/tkdals/robot_ws/build/homework3_pkg' returned '2': CMAKE_PREFIX_PATH=/opt/ros/humble:/home/tkdals/robot_ws/install/dynamixel_sdk:/home/tkdals/robot_ws/install/homework2_2_pkg:/home/tkdals/robot_ws/install/tutorial_interfaces:/home/tkdals/robot_ws/install/homework3_pkg:/home/tkdals/robot_ws/install/homework1_pkg:/home/tkdals/robot_ws/install/ex_client_server_pkg LD_LIBRARY_PATH=/home/tkdals/robot_ws/install/dynamixel_sdk/lib:/home/tkdals/robot_ws/install/tutorial_interfaces/lib:/opt/ros/humble/opt/rviz_ogre_vendor/lib:/opt/ros/humble/lib/x86_64-linux-gnu:/opt/ros/humble/lib /usr/bin/cmake --build /home/tkdals/robot_ws/build/homework3_pkg -- -j20 -l20
