[0.008s] Invoking command in '/home/tkdals/robot_ws/build/homework3_pkg': CMAKE_PREFIX_PATH=/opt/ros/humble:/home/tkdals/robot_ws/install/dynamixel_sdk:/home/tkdals/robot_ws/install/homework2_2_pkg:/home/tkdals/robot_ws/install/tutorial_interfaces:/home/tkdals/robot_ws/install/homework3_pkg:/home/tkdals/robot_ws/install/homework1_pkg:/home/tkdals/robot_ws/install/ex_client_server_pkg LD_LIBRARY_PATH=/home/tkdals/robot_ws/install/dynamixel_sdk/lib:/home/tkdals/robot_ws/install/tutorial_interfaces/lib:/opt/ros/humble/opt/rviz_ogre_vendor/lib:/opt/ros/humble/lib/x86_64-linux-gnu:/opt/ros/humble/lib /usr/bin/cmake --build /home/tkdals/robot_ws/build/homework3_pkg -- -j20 -l20
[0.040s] [35m[1mConsolidate compiler generated dependencies of target dynamixel[0m
[0.048s] [ 50%] [32mBuilding CXX object CMakeFiles/dynamixel.dir/src/homework3_pkg_trydynamixel.cpp.o[0m
[0.054s] [01m[K/home/tkdals/robot_ws/src/homework3_pkg/src/homework3_pkg_trydynamixel.cpp:1:10:[m[K [01;31m[Kfatal error: [m[Khomework3_pkg/homework3_pkg_trydynamixel.hpp: No such file or directory
[0.054s]     1 | #include [01;31m[K"homework3_pkg/homework3_pkg_trydynamixel.hpp"[m[K
[0.054s]       |          [01;31m[K^~~~~~~~~~~~~~~~~~~~~~~~~~~~~~~~~~~~~~~~~~~~~~[m[K
[0.054s] compilation terminated.
[0.055s] gmake[2]: *** [CMakeFiles/dynamixel.dir/build.make:76: CMakeFiles/dynamixel.dir/src/homework3_pkg_trydynamixel.cpp.o] Error 1
[0.055s] gmake[1]: *** [CMakeFiles/Makefile2:137: CMakeFiles/dynamixel.dir/all] Error 2
[0.055s] gmake: *** [Makefile:146: all] Error 2
[0.057s] Invoked command in '/home/tkdals/robot_ws/build/homework3_pkg' returned '2': CMAKE_PREFIX_PATH=/opt/ros/humble:/home/tkdals/robot_ws/install/dynamixel_sdk:/home/tkdals/robot_ws/install/homework2_2_pkg:/home/tkdals/robot_ws/install/tutorial_interfaces:/home/tkdals/robot_ws/install/homework3_pkg:/home/tkdals/robot_ws/install/homework1_pkg:/home/tkdals/robot_ws/install/ex_client_server_pkg LD_LIBRARY_PATH=/home/tkdals/robot_ws/install/dynamixel_sdk/lib:/home/tkdals/robot_ws/install/tutorial_interfaces/lib:/opt/ros/humble/opt/rviz_ogre_vendor/lib:/opt/ros/humble/lib/x86_64-linux-gnu:/opt/ros/humble/lib /usr/bin/cmake --build /home/tkdals/robot_ws/build/homework3_pkg -- -j20 -l20
