[01m[K/home/tkdals/robot_ws/src/homework3_pkg/src/homework3_pkg_trydynamixel.cpp:38:1:[m[K [01;31m[Kerror: [m[Kexpected class-name before â€˜[01m[K{[m[Kâ€™ token
   38 | [01;31m[K{[m[K
      | [01;31m[K^[m[K
[01m[K/home/tkdals/robot_ws/src/homework3_pkg/src/homework3_pkg_trydynamixel.cpp:[m[K In member function â€˜[01m[Kvoid Motor::Activate(int)[m[Kâ€™:
[01m[K/home/tkdals/robot_ws/src/homework3_pkg/src/homework3_pkg_trydynamixel.cpp:111:12:[m[K [01;31m[Kerror: [m[Kreturn-statement with a value, in function returning â€˜[01m[Kvoid[m[Kâ€™ [[01;31m[K]8;;https://gcc.gnu.org/onlinedocs/gcc/Warning-Options.html#index-fpermissive-fpermissive]8;;[m[K]
  111 |     return [01;31m[K0[m[K;
      |            [01;31m[K^[m[K
[01m[K/home/tkdals/robot_ws/src/homework3_pkg/src/homework3_pkg_trydynamixel.cpp:127:12:[m[K [01;31m[Kerror: [m[Kreturn-statement with a value, in function returning â€˜[01m[Kvoid[m[Kâ€™ [[01;31m[K]8;;https://gcc.gnu.org/onlinedocs/gcc/Warning-Options.html#index-fpermissive-fpermissive]8;;[m[K]
  127 |     return [01;31m[K0[m[K;
      |            [01;31m[K^[m[K
[01m[K/home/tkdals/robot_ws/src/homework3_pkg/src/homework3_pkg_trydynamixel.cpp:216:10:[m[K [01;31m[Kerror: [m[Kreturn-statement with a value, in function returning â€˜[01m[Kvoid[m[Kâ€™ [[01;31m[K]8;;https://gcc.gnu.org/onlinedocs/gcc/Warning-Options.html#index-fpermissive-fpermissive]8;;[m[K]
  216 |   return [01;31m[K0[m[K;
      |          [01;31m[K^[m[K
[01m[K/home/tkdals/robot_ws/src/homework3_pkg/src/homework3_pkg_trydynamixel.cpp:94:7:[m[K [01;35m[Kwarning: [m[Kunused variable â€˜[01m[Kindex[m[Kâ€™ [[01;35m[K]8;;https://gcc.gnu.org/onlinedocs/gcc/Warning-Options.html#index-Wunused-variable-Wunused-variable]8;;[m[K]
   94 |   int [01;35m[Kindex[m[K = 0;
      |       [01;35m[K^~~~~[m[K
[01m[K/home/tkdals/robot_ws/src/homework3_pkg/src/homework3_pkg_trydynamixel.cpp:[m[K In function â€˜[01m[Kint main(int, char**)[m[Kâ€™:
[01m[K/home/tkdals/robot_ws/src/homework3_pkg/src/homework3_pkg_trydynamixel.cpp:225:21:[m[K [01;31m[Kerror: [m[Kno matching function for call to â€˜[01m[KMotor::Motor(long long int)[m[Kâ€™
  225 | Motor(atoll(argv[1])[01;31m[K)[m[K;
      |                     [01;31m[K^[m[K
[01m[K/home/tkdals/robot_ws/src/homework3_pkg/src/homework3_pkg_trydynamixel.cpp:37:7:[m[K [01;36m[Knote: [m[Kcandidate: â€˜[01m[Kconstexpr Motor::Motor()[m[Kâ€™
   37 | class [01;36m[KMotor[m[K: public
      |       [01;36m[K^~~~~[m[K
[01m[K/home/tkdals/robot_ws/src/homework3_pkg/src/homework3_pkg_trydynamixel.cpp:37:7:[m[K [01;36m[Knote: [m[K  candidate expects 0 arguments, 1 provided
[01m[K/home/tkdals/robot_ws/src/homework3_pkg/src/homework3_pkg_trydynamixel.cpp:37:7:[m[K [01;36m[Knote: [m[Kcandidate: â€˜[01m[Kconstexpr Motor::Motor(const Motor&)[m[Kâ€™
[01m[K/home/tkdals/robot_ws/src/homework3_pkg/src/homework3_pkg_trydynamixel.cpp:37:7:[m[K [01;36m[Knote: [m[K  no known conversion for argument 1 from â€˜[01m[Klong long int[m[Kâ€™ to â€˜[01m[Kconst Motor&[m[Kâ€™
[01m[K/home/tkdals/robot_ws/src/homework3_pkg/src/homework3_pkg_trydynamixel.cpp:37:7:[m[K [01;36m[Knote: [m[Kcandidate: â€˜[01m[Kconstexpr Motor::Motor(Motor&&)[m[Kâ€™
[01m[K/home/tkdals/robot_ws/src/homework3_pkg/src/homework3_pkg_trydynamixel.cpp:37:7:[m[K [01;36m[Knote: [m[K  no known conversion for argument 1 from â€˜[01m[Klong long int[m[Kâ€™ to â€˜[01m[KMotor&&[m[Kâ€™
[01m[K/home/tkdals/robot_ws/src/homework3_pkg/src/homework3_pkg_trydynamixel.cpp:223:14:[m[K [01;35m[Kwarning: [m[Kunused parameter â€˜[01m[Kargc[m[Kâ€™ [[01;35m[K]8;;https://gcc.gnu.org/onlinedocs/gcc/Warning-Options.html#index-Wunused-parameter-Wunused-parameter]8;;[m[K]
  223 | int main([01;35m[Kint argc[m[K, char **argv)
      |          [01;35m[K~~~~^~~~[m[K
gmake[2]: *** [CMakeFiles/dynamixel.dir/build.make:76: CMakeFiles/dynamixel.dir/src/homework3_pkg_trydynamixel.cpp.o] Error 1
gmake[1]: *** [CMakeFiles/Makefile2:137: CMakeFiles/dynamixel.dir/all] Error 2
gmake: *** [Makefile:146: all] Error 2
