[0.010s] Invoking command in '/home/tkdals/robot_ws/build/homework2_2_pkg': CMAKE_PREFIX_PATH=/home/tkdals/robot_ws/install/tutorial_interfaces:/home/tkdals/robot_ws/install/homework2_2_pkg:/home/tkdals/robot_ws/install/homework1_pkg:/home/tkdals/robot_ws/install/ex_client_server_pkg:/opt/ros/humble /usr/bin/cmake --build /home/tkdals/robot_ws/build/homework2_2_pkg -- -j20 -l20
[0.052s] [35m[1mConsolidate compiler generated dependencies of target client[0m
[0.064s] [ 16%] [32mBuilding CXX object CMakeFiles/final_server.dir/src/homework2_2_pkg_final_server.cpp.o[0m
[0.064s] [ 33%] [32mBuilding CXX object CMakeFiles/server.dir/src/homework2_2_pkg_server.cpp.o[0m
[0.068s] [ 50%] [32mBuilding CXX object CMakeFiles/client.dir/src/homework2_2_pkg_client.cpp.o[0m
[1.470s] [01m[K/home/tkdals/robot_ws/src/homework2_2_pkg/src/homework2_2_pkg_client.cpp:[m[K In member function â€˜[01m[Kvoid ClientNode::Send(int64_t)[m[Kâ€™:
[1.471s] [01m[K/home/tkdals/robot_ws/src/homework2_2_pkg/src/homework2_2_pkg_client.cpp:29:28:[m[K [01;31m[Kerror: [m[Kâ€˜[01m[Kusing element_type = class rclcpp::Client<tutorial_interfaces::srv::Plus>[m[Kâ€™ {aka â€˜[01m[Kclass rclcpp::Client<tutorial_interfaces::srv::Plus>[m[Kâ€™} has no member named â€˜[01m[Kasync_Send[m[Kâ€™
[1.471s]    29 |     auto future = client_->[01;31m[Kasync_Send[m[K(request,
[1.471s]       |                            [01;31m[K^~~~~~~~~~[m[K
[1.517s] [01m[K/home/tkdals/robot_ws/src/homework2_2_pkg/src/homework2_2_pkg_server.cpp:[m[K In member function â€˜[01m[Kvoid Server::Callback(std::shared_ptr<tutorial_interfaces::srv::Plus_Request_<std::allocator<void> > >, std::shared_ptr<tutorial_interfaces::srv::Plus_Response_<std::allocator<void> > >)[m[Kâ€™:
[1.517s] [01m[K/home/tkdals/robot_ws/src/homework2_2_pkg/src/homework2_2_pkg_server.cpp:28:28:[m[K [01;31m[Kerror: [m[Kâ€˜[01m[Kusing element_type = class rclcpp::Client<tutorial_interfaces::srv::Plus2>[m[Kâ€™ {aka â€˜[01m[Kclass rclcpp::Client<tutorial_interfaces::srv::Plus2>[m[Kâ€™} has no member named â€˜[01m[Kasync_Send[m[Kâ€™
[1.517s]    28 |     auto future = client_->[01;31m[Kasync_Send[m[K(server2_request,
[1.517s]       |                            [01;31m[K^~~~~~~~~~[m[K
[1.813s] gmake[2]: *** [CMakeFiles/client.dir/build.make:76: CMakeFiles/client.dir/src/homework2_2_pkg_client.cpp.o] Error 1
[1.814s] gmake[1]: *** [CMakeFiles/Makefile2:167: CMakeFiles/client.dir/all] Error 2
[1.814s] gmake[1]: *** Waiting for unfinished jobs....
[1.962s] gmake[2]: *** [CMakeFiles/server.dir/build.make:76: CMakeFiles/server.dir/src/homework2_2_pkg_server.cpp.o] Error 1
[1.962s] gmake[1]: *** [CMakeFiles/Makefile2:141: CMakeFiles/server.dir/all] Error 2
[2.192s] [ 66%] [32m[1mLinking CXX executable final_server[0m
[2.290s] [ 66%] Built target final_server
[2.291s] gmake: *** [Makefile:146: all] Error 2
[2.293s] Invoked command in '/home/tkdals/robot_ws/build/homework2_2_pkg' returned '2': CMAKE_PREFIX_PATH=/home/tkdals/robot_ws/install/tutorial_interfaces:/home/tkdals/robot_ws/install/homework2_2_pkg:/home/tkdals/robot_ws/install/homework1_pkg:/home/tkdals/robot_ws/install/ex_client_server_pkg:/opt/ros/humble /usr/bin/cmake --build /home/tkdals/robot_ws/build/homework2_2_pkg -- -j20 -l20
