[0.013s] Invoking command in '/home/tkdals/robot_ws/build/homework3_pkg': CMAKE_PREFIX_PATH=${CMAKE_PREFIX_PATH}:/opt/ros/humble /usr/bin/cmake --build /home/tkdals/robot_ws/build/homework3_pkg -- -j20 -l20
[0.067s] [ 50%] [32mBuilding CXX object CMakeFiles/dynamixel.dir/src/homework3_pkg_trydynamixel.cpp.o[0m
[0.175s] [01m[K/home/tkdals/robot_ws/src/homework3_pkg/src/homework3_pkg_trydynamixel.cpp:[m[K In function â€˜[01m[Kint main()[m[Kâ€™:
[0.175s] [01m[K/home/tkdals/robot_ws/src/homework3_pkg/src/homework3_pkg_trydynamixel.cpp:148:21:[m[K [01;31m[Kerror: [m[Kâ€˜[01m[KpacketHandler[m[Kâ€™ was not declared in this scope; did you mean â€˜[01m[KportHandler[m[Kâ€™?
[0.175s]   148 |   dxl_comm_result = [01;31m[KpacketHandler[m[K->write1ByteTxRx(portHandler, dxl_id, ADDR_MX_TORQUE_ENABLE, TORQUE_ENABLE, &dxl_error);
[0.175s]       |                     [01;31m[K^~~~~~~~~~~~~[m[K
[0.175s]       |                     [32m[KportHandler[m[K
[0.175s] [01m[K/home/tkdals/robot_ws/src/homework3_pkg/src/homework3_pkg_trydynamixel.cpp:120:12:[m[K [01;35m[Kwarning: [m[Kunused variable â€˜[01m[Kdxl_present_position[m[Kâ€™ [[01;35m[K]8;;https://gcc.gnu.org/onlinedocs/gcc/Warning-Options.html#index-Wunused-variable-Wunused-variable]8;;[m[K]
[0.175s]   120 |   uint16_t [01;35m[Kdxl_present_position[m[K = 0;              // Present position
[0.175s]       |            [01;35m[K^~~~~~~~~~~~~~~~~~~~[m[K
[0.183s] gmake[2]: *** [CMakeFiles/dynamixel.dir/build.make:76: CMakeFiles/dynamixel.dir/src/homework3_pkg_trydynamixel.cpp.o] Error 1
[0.183s] gmake[1]: *** [CMakeFiles/Makefile2:137: CMakeFiles/dynamixel.dir/all] Error 2
[0.183s] gmake: *** [Makefile:146: all] Error 2
[0.185s] Invoked command in '/home/tkdals/robot_ws/build/homework3_pkg' returned '2': CMAKE_PREFIX_PATH=${CMAKE_PREFIX_PATH}:/opt/ros/humble /usr/bin/cmake --build /home/tkdals/robot_ws/build/homework3_pkg -- -j20 -l20
