In file included from [01m[K/home/tkdals/robot_ws/src/homework3_pkg/src/homework3_pkg_trydynamixel.cpp:39[m[K:
[01m[K/home/tkdals/robot_ws/src/homework3_pkg/include/dynamixel_sdk.h:29:10:[m[K [01;31m[Kfatal error: [m[Kgroup_sync_write.h: No such file or directory
   29 | #include [01;31m[K"group_sync_write.h"[m[K
      |          [01;31m[K^~~~~~~~~~~~~~~~~~~~[m[K
compilation terminated.
gmake[2]: *** [CMakeFiles/dynamixel.dir/build.make:76: CMakeFiles/dynamixel.dir/src/homework3_pkg_trydynamixel.cpp.o] Error 1
gmake[1]: *** [CMakeFiles/Makefile2:137: CMakeFiles/dynamixel.dir/all] Error 2
gmake: *** [Makefile:146: all] Error 2
