[0.008s] Invoking command in '/home/tkdals/robot_ws/build/homework2_2_pkg': CMAKE_PREFIX_PATH=/home/tkdals/robot_ws/install/tutorial_interfaces:/home/tkdals/robot_ws/install/homework2_2_pkg:/home/tkdals/robot_ws/install/homework1_pkg:/home/tkdals/robot_ws/install/ex_client_server_pkg:/opt/ros/humble /usr/bin/cmake --build /home/tkdals/robot_ws/build/homework2_2_pkg -- -j20 -l20
[0.050s] [35m[1mConsolidate compiler generated dependencies of target client[0m
[0.061s] [ 16%] [32mBuilding CXX object CMakeFiles/server.dir/src/homework2_2_pkg_server.cpp.o[0m
[0.062s] [ 33%] [32mBuilding CXX object CMakeFiles/client.dir/src/homework2_2_pkg_client.cpp.o[0m
[0.062s] [ 66%] Built target final_server
[1.431s] [01m[K/home/tkdals/robot_ws/src/homework2_2_pkg/src/homework2_2_pkg_client.cpp:23:6:[m[K [01;31m[Kerror: [m[Kno declaration matches â€˜[01m[Kvoid ClientNode::Send(int64_t)[m[Kâ€™
[1.431s]    23 | void [01;31m[KClientNode[m[K::Send(int64_t input)
[1.431s]       |      [01;31m[K^~~~~~~~~~[m[K
[1.431s] [01m[K/home/tkdals/robot_ws/src/homework2_2_pkg/src/homework2_2_pkg_client.cpp:23:6:[m[K [01;36m[Knote: [m[Kno functions named â€˜[01m[Kvoid ClientNode::Send(int64_t)[m[Kâ€™
[1.431s] In file included from [01m[K/home/tkdals/robot_ws/src/homework2_2_pkg/src/homework2_2_pkg_client.cpp:2[m[K:
[1.431s] [01m[K/home/tkdals/robot_ws/src/homework2_2_pkg/include/homework2_2_pkg/homework2_2_pkg_client.hpp:7:7:[m[K [01;36m[Knote: [m[Kâ€˜[01m[Kclass ClientNode[m[Kâ€™ defined here
[1.432s]     7 | class [01;36m[KClientNode[m[K : public rclcpp::Node
[1.432s]       |       [01;36m[K^~~~~~~~~~[m[K
[1.433s] [01m[K/home/tkdals/robot_ws/src/homework2_2_pkg/src/homework2_2_pkg_client.cpp:[m[K In function â€˜[01m[Kint main(int, char**)[m[Kâ€™:
[1.433s] [01m[K/home/tkdals/robot_ws/src/homework2_2_pkg/src/homework2_2_pkg_client.cpp:55:11:[m[K [01;31m[Kerror: [m[Kâ€˜[01m[Kusing element_type = class ClientNode[m[Kâ€™ {aka â€˜[01m[Kclass ClientNode[m[Kâ€™} has no member named â€˜[01m[KSend[m[Kâ€™
[1.433s]    55 |     node->[01;31m[KSend[m[K(input_value);
[1.433s]       |           [01;31m[K^~~~[m[K
[1.467s] [01m[K/home/tkdals/robot_ws/src/homework2_2_pkg/src/homework2_2_pkg_server.cpp:[m[K In member function â€˜[01m[Kvoid Server::Callback(std::shared_ptr<tutorial_interfaces::srv::Plus_Request_<std::allocator<void> > >, std::shared_ptr<tutorial_interfaces::srv::Plus_Response_<std::allocator<void> > >)[m[Kâ€™:
[1.467s] [01m[K/home/tkdals/robot_ws/src/homework2_2_pkg/src/homework2_2_pkg_server.cpp:27:28:[m[K [01;31m[Kerror: [m[Kâ€˜[01m[Kusing element_type = class rclcpp::Client<tutorial_interfaces::srv::Plus2>[m[Kâ€™ {aka â€˜[01m[Kclass rclcpp::Client<tutorial_interfaces::srv::Plus2>[m[Kâ€™} has no member named â€˜[01m[Kasync_Send[m[Kâ€™
[1.467s]    27 |     auto future = client_->[01;31m[Kasync_Send[m[K(server2_request,
[1.467s]       |                            [01;31m[K^~~~~~~~~~[m[K
[1.755s] gmake[2]: *** [CMakeFiles/client.dir/build.make:76: CMakeFiles/client.dir/src/homework2_2_pkg_client.cpp.o] Error 1
[1.755s] gmake[1]: *** [CMakeFiles/Makefile2:167: CMakeFiles/client.dir/all] Error 2
[1.755s] gmake[1]: *** Waiting for unfinished jobs....
[1.896s] gmake[2]: *** [CMakeFiles/server.dir/build.make:76: CMakeFiles/server.dir/src/homework2_2_pkg_server.cpp.o] Error 1
[1.896s] gmake[1]: *** [CMakeFiles/Makefile2:141: CMakeFiles/server.dir/all] Error 2
[1.897s] gmake: *** [Makefile:146: all] Error 2
[1.899s] Invoked command in '/home/tkdals/robot_ws/build/homework2_2_pkg' returned '2': CMAKE_PREFIX_PATH=/home/tkdals/robot_ws/install/tutorial_interfaces:/home/tkdals/robot_ws/install/homework2_2_pkg:/home/tkdals/robot_ws/install/homework1_pkg:/home/tkdals/robot_ws/install/ex_client_server_pkg:/opt/ros/humble /usr/bin/cmake --build /home/tkdals/robot_ws/build/homework2_2_pkg -- -j20 -l20
