-- Found ament_cmake: 1.3.10 (/opt/ros/humble/share/ament_cmake/cmake)
-- Found rclcpp: 16.0.10 (/opt/ros/humble/share/rclcpp/cmake)
-- Found rosidl_generator_c: 3.1.5 (/opt/ros/humble/share/rosidl_generator_c/cmake)
-- Found rosidl_adapter: 3.1.5 (/opt/ros/humble/share/rosidl_adapter/cmake)
-- Found rosidl_generator_cpp: 3.1.5 (/opt/ros/humble/share/rosidl_generator_cpp/cmake)
-- Using all available rosidl_typesupport_c: rosidl_typesupport_fastrtps_c;rosidl_typesupport_introspection_c
-- Using all available rosidl_typesupport_cpp: rosidl_typesupport_fastrtps_cpp;rosidl_typesupport_introspection_cpp
-- Found rmw_implementation_cmake: 6.1.2 (/opt/ros/humble/share/rmw_implementation_cmake/cmake)
-- Found rmw_fastrtps_cpp: 6.2.7 (/opt/ros/humble/share/rmw_fastrtps_cpp/cmake)
-- Using RMW implementation 'rmw_fastrtps_cpp' as default
-- Found dynamixel_sdk: 3.7.60 (/home/tkdals/robot_ws/install/dynamixel_sdk/share/dynamixel_sdk/cmake)
-- Found ament_lint_auto: 0.12.11 (/opt/ros/humble/share/ament_lint_auto/cmake)
-- Added test 'cppcheck' to perform static code analysis on C / C++ code
-- Configured cppcheck include dirs: /home/tkdals/robot_ws/src/homework3_pkg/include
-- Configured cppcheck exclude dirs and/or files: 
-- Added test 'flake8' to check Python code syntax and style conventions
-- Added test 'lint_cmake' to check CMake code style
-- Added test 'pep257' to check Python code against some of the docstring style conventions in PEP 257
-- Added test 'uncrustify' to check C / C++ code style
-- Configured uncrustify additional arguments: 
-- Added test 'xmllint' to check XML markup files
-- Configuring done
-- Generating done
-- Build files have been written to: /home/tkdals/robot_ws/build/homework3_pkg
[35m[1mConsolidate compiler generated dependencies of target dynamixel[0m
[ 25%] [32m[1mLinking CXX executable dynamixel[0m
[ 50%] [32mBuilding CXX object CMakeFiles/motor.dir/src/motor.cpp.o[0m
/usr/bin/ld: CMakeFiles/dynamixel.dir/src/homework3_pkg_main.cpp.o: in function `main':
homework3_pkg_main.cpp:(.text+0x4c): undefined reference to `Motor::Activate(int, int)'
/usr/bin/ld: homework3_pkg_main.cpp:(.text+0xa4): undefined reference to `Motor::Activate(int, int)'
/usr/bin/ld: homework3_pkg_main.cpp:(.text+0xfc): undefined reference to `Motor::Activate(int, int)'
collect2: error: ld returned 1 exit status
gmake[2]: *** [CMakeFiles/dynamixel.dir/build.make:152: dynamixel] Error 1
gmake[1]: *** [CMakeFiles/Makefile2:139: CMakeFiles/dynamixel.dir/all] Error 2
gmake[1]: *** Waiting for unfinished jobs....
[01m[K/home/tkdals/robot_ws/src/homework3_pkg/src/motor.cpp:[m[K In member function â€˜[01m[Kvoid Motor::Activate(int, int)[m[Kâ€™:
[01m[K/home/tkdals/robot_ws/src/homework3_pkg/src/motor.cpp:59:7:[m[K [01;35m[Kwarning: [m[Kunused variable â€˜[01m[Kindex[m[Kâ€™ [[01;35m[K]8;;https://gcc.gnu.org/onlinedocs/gcc/Warning-Options.html#index-Wunused-variable-Wunused-variable]8;;[m[K]
   59 |   int [01;35m[Kindex[m[K = 0;
      |       [01;35m[K^~~~~[m[K
[01m[K/home/tkdals/robot_ws/src/homework3_pkg/src/motor.cpp:[m[K In member function â€˜[01m[Kint Motor::kbhit()[m[Kâ€™:
[01m[K/home/tkdals/robot_ws/src/homework3_pkg/src/motor.cpp:51:1:[m[K [01;35m[Kwarning: [m[Kcontrol reaches end of non-void function [[01;35m[K]8;;https://gcc.gnu.org/onlinedocs/gcc/Warning-Options.html#index-Wreturn-type-Wreturn-type]8;;[m[K]
   51 | [01;35m[K}[m[K
      | [01;35m[K^[m[K
[ 75%] [32m[1mLinking CXX static library libmotor.a[0m
[ 75%] Built target motor
gmake: *** [Makefile:146: all] Error 2
