[0.008s] Invoking command in '/home/tkdals/robot_ws/build/homework3_pkg': CMAKE_PREFIX_PATH=/opt/ros/humble:/home/tkdals/robot_ws/install/dynamixel_sdk:/home/tkdals/robot_ws/install/homework2_2_pkg:/home/tkdals/robot_ws/install/tutorial_interfaces:/home/tkdals/robot_ws/install/homework3_pkg:/home/tkdals/robot_ws/install/homework1_pkg:/home/tkdals/robot_ws/install/ex_client_server_pkg LD_LIBRARY_PATH=/home/tkdals/robot_ws/install/dynamixel_sdk/lib:/home/tkdals/robot_ws/install/tutorial_interfaces/lib:/opt/ros/humble/opt/rviz_ogre_vendor/lib:/opt/ros/humble/lib/x86_64-linux-gnu:/opt/ros/humble/lib /usr/bin/cmake --build /home/tkdals/robot_ws/build/homework3_pkg -- -j20 -l20
[0.030s] -- Found ament_cmake: 1.3.10 (/opt/ros/humble/share/ament_cmake/cmake)
[0.141s] -- Found rclcpp: 16.0.10 (/opt/ros/humble/share/rclcpp/cmake)
[0.166s] -- Found rosidl_generator_c: 3.1.5 (/opt/ros/humble/share/rosidl_generator_c/cmake)
[0.172s] -- Found rosidl_adapter: 3.1.5 (/opt/ros/humble/share/rosidl_adapter/cmake)
[0.182s] -- Found rosidl_generator_cpp: 3.1.5 (/opt/ros/humble/share/rosidl_generator_cpp/cmake)
[0.191s] -- Using all available rosidl_typesupport_c: rosidl_typesupport_fastrtps_c;rosidl_typesupport_introspection_c
[0.201s] -- Using all available rosidl_typesupport_cpp: rosidl_typesupport_fastrtps_cpp;rosidl_typesupport_introspection_cpp
[0.231s] -- Found rmw_implementation_cmake: 6.1.2 (/opt/ros/humble/share/rmw_implementation_cmake/cmake)
[0.233s] -- Found rmw_fastrtps_cpp: 6.2.7 (/opt/ros/humble/share/rmw_fastrtps_cpp/cmake)
[0.310s] -- Using RMW implementation 'rmw_fastrtps_cpp' as default
[0.371s] -- Found dynamixel_sdk: 3.7.60 (/home/tkdals/robot_ws/install/dynamixel_sdk/share/dynamixel_sdk/cmake)
[0.373s] -- Found ament_lint_auto: 0.12.11 (/opt/ros/humble/share/ament_lint_auto/cmake)
[0.430s] -- Added test 'cppcheck' to perform static code analysis on C / C++ code
[0.430s] -- Configured cppcheck include dirs: /home/tkdals/robot_ws/src/homework3_pkg/include
[0.431s] -- Configured cppcheck exclude dirs and/or files: 
[0.431s] -- Added test 'flake8' to check Python code syntax and style conventions
[0.433s] -- Added test 'lint_cmake' to check CMake code style
[0.434s] -- Added test 'pep257' to check Python code against some of the docstring style conventions in PEP 257
[0.438s] -- Added test 'uncrustify' to check C / C++ code style
[0.438s] -- Configured uncrustify additional arguments: 
[0.439s] -- Added test 'xmllint' to check XML markup files
[0.440s] -- Configuring done
[0.449s] -- Generating done
[0.450s] -- Build files have been written to: /home/tkdals/robot_ws/build/homework3_pkg
[0.469s] [35m[1mConsolidate compiler generated dependencies of target dynamixel[0m
[0.479s] [ 25%] [32m[1mLinking CXX executable dynamixel[0m
[0.480s] [ 50%] [32mBuilding CXX object CMakeFiles/motor.dir/src/motor.cpp.o[0m
[0.537s] /usr/bin/ld: CMakeFiles/dynamixel.dir/src/homework3_pkg_main.cpp.o: in function `main':
[0.537s] homework3_pkg_main.cpp:(.text+0x4c): undefined reference to `Motor::Activate(int, int)'
[0.537s] /usr/bin/ld: homework3_pkg_main.cpp:(.text+0xa4): undefined reference to `Motor::Activate(int, int)'
[0.537s] /usr/bin/ld: homework3_pkg_main.cpp:(.text+0xfc): undefined reference to `Motor::Activate(int, int)'
[0.540s] collect2: error: ld returned 1 exit status
[0.541s] gmake[2]: *** [CMakeFiles/dynamixel.dir/build.make:152: dynamixel] Error 1
[0.541s] gmake[1]: *** [CMakeFiles/Makefile2:139: CMakeFiles/dynamixel.dir/all] Error 2
[0.542s] gmake[1]: *** Waiting for unfinished jobs....
[0.611s] [01m[K/home/tkdals/robot_ws/src/homework3_pkg/src/motor.cpp:[m[K In member function â€˜[01m[Kvoid Motor::Activate(int, int)[m[Kâ€™:
[0.611s] [01m[K/home/tkdals/robot_ws/src/homework3_pkg/src/motor.cpp:59:7:[m[K [01;35m[Kwarning: [m[Kunused variable â€˜[01m[Kindex[m[Kâ€™ [[01;35m[K]8;;https://gcc.gnu.org/onlinedocs/gcc/Warning-Options.html#index-Wunused-variable-Wunused-variable]8;;[m[K]
[0.611s]    59 |   int [01;35m[Kindex[m[K = 0;
[0.611s]       |       [01;35m[K^~~~~[m[K
[0.620s] [01m[K/home/tkdals/robot_ws/src/homework3_pkg/src/motor.cpp:[m[K In member function â€˜[01m[Kint Motor::kbhit()[m[Kâ€™:
[0.620s] [01m[K/home/tkdals/robot_ws/src/homework3_pkg/src/motor.cpp:51:1:[m[K [01;35m[Kwarning: [m[Kcontrol reaches end of non-void function [[01;35m[K]8;;https://gcc.gnu.org/onlinedocs/gcc/Warning-Options.html#index-Wreturn-type-Wreturn-type]8;;[m[K]
[0.620s]    51 | [01;35m[K}[m[K
[0.620s]       | [01;35m[K^[m[K
[0.639s] [ 75%] [32m[1mLinking CXX static library libmotor.a[0m
[0.664s] [ 75%] Built target motor
[0.665s] gmake: *** [Makefile:146: all] Error 2
[0.667s] Invoked command in '/home/tkdals/robot_ws/build/homework3_pkg' returned '2': CMAKE_PREFIX_PATH=/opt/ros/humble:/home/tkdals/robot_ws/install/dynamixel_sdk:/home/tkdals/robot_ws/install/homework2_2_pkg:/home/tkdals/robot_ws/install/tutorial_interfaces:/home/tkdals/robot_ws/install/homework3_pkg:/home/tkdals/robot_ws/install/homework1_pkg:/home/tkdals/robot_ws/install/ex_client_server_pkg LD_LIBRARY_PATH=/home/tkdals/robot_ws/install/dynamixel_sdk/lib:/home/tkdals/robot_ws/install/tutorial_interfaces/lib:/opt/ros/humble/opt/rviz_ogre_vendor/lib:/opt/ros/humble/lib/x86_64-linux-gnu:/opt/ros/humble/lib /usr/bin/cmake --build /home/tkdals/robot_ws/build/homework3_pkg -- -j20 -l20
