[0.007s] Invoking command in '/home/tkdals/robot_ws/build/homework2_2_pkg': CMAKE_PREFIX_PATH=/home/tkdals/robot_ws/install/tutorial_interfaces:/home/tkdals/robot_ws/install/homework2_2_pkg:/home/tkdals/robot_ws/install/homework1_pkg:/home/tkdals/robot_ws/install/ex_client_server_pkg:/opt/ros/humble /usr/bin/cmake --build /home/tkdals/robot_ws/build/homework2_2_pkg -- -j20 -l20
[0.046s] [35m[1mConsolidate compiler generated dependencies of target client[0m
[0.061s] [ 33%] Built target server
[0.061s] [ 66%] Built target final_server
[0.063s] [ 83%] [32mBuilding CXX object CMakeFiles/client.dir/src/homework2_2_pkg_client.cpp.o[0m
[1.406s] [01m[K/home/tkdals/robot_ws/src/homework2_2_pkg/src/homework2_2_pkg_client.cpp:23:6:[m[K [01;31m[Kerror: [m[Kno declaration matches â€˜[01m[Kvoid ClientNode::Callback2(int64_t)[m[Kâ€™
[1.406s]    23 | void [01;31m[KClientNode[m[K::Callback2(int64_t input)
[1.406s]       |      [01;31m[K^~~~~~~~~~[m[K
[1.406s] [01m[K/home/tkdals/robot_ws/src/homework2_2_pkg/src/homework2_2_pkg_client.cpp:23:6:[m[K [01;36m[Knote: [m[Kno functions named â€˜[01m[Kvoid ClientNode::Callback2(int64_t)[m[Kâ€™
[1.407s] In file included from [01m[K/home/tkdals/robot_ws/src/homework2_2_pkg/src/homework2_2_pkg_client.cpp:2[m[K:
[1.407s] [01m[K/home/tkdals/robot_ws/src/homework2_2_pkg/include/homework2_2_pkg/homework2_2_pkg_client.hpp:7:7:[m[K [01;36m[Knote: [m[Kâ€˜[01m[Kclass ClientNode[m[Kâ€™ defined here
[1.407s]     7 | class [01;36m[KClientNode[m[K : public rclcpp::Node
[1.407s]       |       [01;36m[K^~~~~~~~~~[m[K
[1.408s] [01m[K/home/tkdals/robot_ws/src/homework2_2_pkg/src/homework2_2_pkg_client.cpp:[m[K In function â€˜[01m[Kint main(int, char**)[m[Kâ€™:
[1.408s] [01m[K/home/tkdals/robot_ws/src/homework2_2_pkg/src/homework2_2_pkg_client.cpp:55:11:[m[K [01;31m[Kerror: [m[Kâ€˜[01m[Kusing element_type = class ClientNode[m[Kâ€™ {aka â€˜[01m[Kclass ClientNode[m[Kâ€™} has no member named â€˜[01m[KCallback2[m[Kâ€™
[1.408s]    55 |     node->[01;31m[KCallback2[m[K(input_value);
[1.408s]       |           [01;31m[K^~~~~~~~~[m[K
[1.721s] gmake[2]: *** [CMakeFiles/client.dir/build.make:76: CMakeFiles/client.dir/src/homework2_2_pkg_client.cpp.o] Error 1
[1.721s] gmake[1]: *** [CMakeFiles/Makefile2:167: CMakeFiles/client.dir/all] Error 2
[1.721s] gmake: *** [Makefile:146: all] Error 2
[1.723s] Invoked command in '/home/tkdals/robot_ws/build/homework2_2_pkg' returned '2': CMAKE_PREFIX_PATH=/home/tkdals/robot_ws/install/tutorial_interfaces:/home/tkdals/robot_ws/install/homework2_2_pkg:/home/tkdals/robot_ws/install/homework1_pkg:/home/tkdals/robot_ws/install/ex_client_server_pkg:/opt/ros/humble /usr/bin/cmake --build /home/tkdals/robot_ws/build/homework2_2_pkg -- -j20 -l20
