[35m[1mConsolidate compiler generated dependencies of target dynamixel[0m
[ 50%] [32mBuilding CXX object CMakeFiles/dynamixel.dir/src/homework3_pkg_trydynamixel.cpp.o[0m
In file included from [01m[K/home/tkdals/robot_ws/src/homework3_pkg/src/homework3_pkg_trydynamixel.cpp:1[m[K:
[01m[K/home/tkdals/robot_ws/src/homework3_pkg/include/homework3_pkg/homework3_pkg_trydynamixel.hpp:[m[K In member function â€˜[01m[Kvoid Motor::Activate(int, int)[m[Kâ€™:
[01m[K/home/tkdals/robot_ws/src/homework3_pkg/include/homework3_pkg/homework3_pkg_trydynamixel.hpp:94:7:[m[K [01;35m[Kwarning: [m[Kunused variable â€˜[01m[Kindex[m[Kâ€™ [[01;35m[K]8;;https://gcc.gnu.org/onlinedocs/gcc/Warning-Options.html#index-Wunused-variable-Wunused-variable]8;;[m[K]
   94 |   int [01;35m[Kindex[m[K = 0;
      |       [01;35m[K^~~~~[m[K
[01m[K/home/tkdals/robot_ws/src/homework3_pkg/src/homework3_pkg_trydynamixel.cpp:[m[K In function â€˜[01m[Kint main(int, char**)[m[Kâ€™:
[01m[K/home/tkdals/robot_ws/src/homework3_pkg/src/homework3_pkg_trydynamixel.cpp:10:31:[m[K [01;31m[Kerror: [m[Kinvalid use of void expression
   10 | std::thread([01;31m[Kdynamixel.Activate(atoll(argv[1]),1)[m[K);
      |             [01;31m[K~~~~~~~~~~~~~~~~~~^~~~~~~~~~~~~~~~~~[m[K
[01m[K/home/tkdals/robot_ws/src/homework3_pkg/src/homework3_pkg_trydynamixel.cpp:11:31:[m[K [01;31m[Kerror: [m[Kinvalid use of void expression
   11 | std::thread([01;31m[Kdynamixel.Activate(atoll(argv[2]),2)[m[K);
      |             [01;31m[K~~~~~~~~~~~~~~~~~~^~~~~~~~~~~~~~~~~~[m[K
[01m[K/home/tkdals/robot_ws/src/homework3_pkg/src/homework3_pkg_trydynamixel.cpp:12:31:[m[K [01;31m[Kerror: [m[Kinvalid use of void expression
   12 | std::thread([01;31m[Kdynamixel.Activate(atoll(argv[3]),3)[m[K);
      |             [01;31m[K~~~~~~~~~~~~~~~~~~^~~~~~~~~~~~~~~~~~[m[K
[01m[K/home/tkdals/robot_ws/src/homework3_pkg/src/homework3_pkg_trydynamixel.cpp:15:19:[m[K [01;31m[Kerror: [m[Kinvalid use of â€˜[01m[Kvoid[m[Kâ€™
   15 | [01;31m[Kdynamixel.Activate(atoll(argv[1]),1)[m[K.join();
      | [01;31m[K~~~~~~~~~~~~~~~~~~^~~~~~~~~~~~~~~~~~[m[K
[01m[K/home/tkdals/robot_ws/src/homework3_pkg/src/homework3_pkg_trydynamixel.cpp:16:19:[m[K [01;31m[Kerror: [m[Kinvalid use of â€˜[01m[Kvoid[m[Kâ€™
   16 | [01;31m[Kdynamixel.Activate(atoll(argv[2]),2)[m[K.join();
      | [01;31m[K~~~~~~~~~~~~~~~~~~^~~~~~~~~~~~~~~~~~[m[K
[01m[K/home/tkdals/robot_ws/src/homework3_pkg/src/homework3_pkg_trydynamixel.cpp:17:19:[m[K [01;31m[Kerror: [m[Kinvalid use of â€˜[01m[Kvoid[m[Kâ€™
   17 | [01;31m[Kdynamixel.Activate(atoll(argv[3]),3)[m[K.join();
      | [01;31m[K~~~~~~~~~~~~~~~~~~^~~~~~~~~~~~~~~~~~[m[K
[01m[K/home/tkdals/robot_ws/src/homework3_pkg/src/homework3_pkg_trydynamixel.cpp:4:14:[m[K [01;35m[Kwarning: [m[Kunused parameter â€˜[01m[Kargc[m[Kâ€™ [[01;35m[K]8;;https://gcc.gnu.org/onlinedocs/gcc/Warning-Options.html#index-Wunused-parameter-Wunused-parameter]8;;[m[K]
    4 | int main([01;35m[Kint argc[m[K, char **argv)
      |          [01;35m[K~~~~^~~~[m[K
gmake[2]: *** [CMakeFiles/dynamixel.dir/build.make:76: CMakeFiles/dynamixel.dir/src/homework3_pkg_trydynamixel.cpp.o] Error 1
gmake[1]: *** [CMakeFiles/Makefile2:137: CMakeFiles/dynamixel.dir/all] Error 2
gmake: *** [Makefile:146: all] Error 2
