[0.008s] Invoking command in '/home/tkdals/robot_ws/build/homework3_pkg': CMAKE_PREFIX_PATH=/opt/ros/humble:/home/tkdals/robot_ws/install/dynamixel_sdk:/home/tkdals/robot_ws/install/homework2_2_pkg:/home/tkdals/robot_ws/install/tutorial_interfaces:/home/tkdals/robot_ws/install/homework3_pkg:/home/tkdals/robot_ws/install/homework1_pkg:/home/tkdals/robot_ws/install/ex_client_server_pkg LD_LIBRARY_PATH=/home/tkdals/robot_ws/install/dynamixel_sdk/lib:/home/tkdals/robot_ws/install/tutorial_interfaces/lib:/opt/ros/humble/opt/rviz_ogre_vendor/lib:/opt/ros/humble/lib/x86_64-linux-gnu:/opt/ros/humble/lib /usr/bin/cmake --build /home/tkdals/robot_ws/build/homework3_pkg -- -j20 -l20
[0.039s] [35m[1mConsolidate compiler generated dependencies of target dynamixel[0m
[0.041s] [35m[1mConsolidate compiler generated dependencies of target motor[0m
[0.051s] [ 50%] [32mBuilding CXX object CMakeFiles/dynamixel.dir/src/homework3_pkg_main.cpp.o[0m
[0.051s] [ 50%] [32mBuilding CXX object CMakeFiles/motor.dir/src/homework3_pkg_trydynamixel.cpp.o[0m
[0.193s] [01m[K/home/tkdals/robot_ws/src/homework3_pkg/src/homework3_pkg_trydynamixel.cpp:[m[K In member function â€˜[01m[Kvoid Motor::Activate(int, int)[m[Kâ€™:
[0.193s] [01m[K/home/tkdals/robot_ws/src/homework3_pkg/src/homework3_pkg_trydynamixel.cpp:59:7:[m[K [01;35m[Kwarning: [m[Kunused variable â€˜[01m[Kindex[m[Kâ€™ [[01;35m[K]8;;https://gcc.gnu.org/onlinedocs/gcc/Warning-Options.html#index-Wunused-variable-Wunused-variable]8;;[m[K]
[0.193s]    59 |   int [01;35m[Kindex[m[K = 0;
[0.194s]       |       [01;35m[K^~~~~[m[K
[0.194s] [01m[K/home/tkdals/robot_ws/src/homework3_pkg/src/homework3_pkg_main.cpp:[m[K In function â€˜[01m[Kint main(int, char**)[m[Kâ€™:
[0.195s] [01m[K/home/tkdals/robot_ws/src/homework3_pkg/src/homework3_pkg_main.cpp:3:14:[m[K [01;35m[Kwarning: [m[Kunused parameter â€˜[01m[Kargc[m[Kâ€™ [[01;35m[K]8;;https://gcc.gnu.org/onlinedocs/gcc/Warning-Options.html#index-Wunused-parameter-Wunused-parameter]8;;[m[K]
[0.195s]     3 | int main([01;35m[Kint argc[m[K, char **argv)
[0.195s]       |          [01;35m[K~~~~^~~~[m[K
[0.197s] [01m[K/home/tkdals/robot_ws/src/homework3_pkg/src/homework3_pkg_trydynamixel.cpp:[m[K In member function â€˜[01m[Kint Motor::kbhit()[m[Kâ€™:
[0.197s] [01m[K/home/tkdals/robot_ws/src/homework3_pkg/src/homework3_pkg_trydynamixel.cpp:51:1:[m[K [01;35m[Kwarning: [m[Kcontrol reaches end of non-void function [[01;35m[K]8;;https://gcc.gnu.org/onlinedocs/gcc/Warning-Options.html#index-Wreturn-type-Wreturn-type]8;;[m[K]
[0.197s]    51 | [01;35m[K}[m[K
[0.198s]       | [01;35m[K^[m[K
[0.217s] [ 75%] [32m[1mLinking CXX static library libmotor.a[0m
[0.245s] [ 75%] Built target motor
[0.249s] [100%] [32m[1mLinking CXX executable dynamixel[0m
[0.305s] /usr/bin/ld: CMakeFiles/dynamixel.dir/src/homework3_pkg_main.cpp.o: in function `main':
[0.305s] homework3_pkg_main.cpp:(.text+0x4c): undefined reference to `Motor::Activate(int, int)'
[0.305s] /usr/bin/ld: homework3_pkg_main.cpp:(.text+0xa4): undefined reference to `Motor::Activate(int, int)'
[0.305s] /usr/bin/ld: homework3_pkg_main.cpp:(.text+0xfc): undefined reference to `Motor::Activate(int, int)'
[0.308s] collect2: error: ld returned 1 exit status
[0.309s] gmake[2]: *** [CMakeFiles/dynamixel.dir/build.make:152: dynamixel] Error 1
[0.310s] gmake[1]: *** [CMakeFiles/Makefile2:139: CMakeFiles/dynamixel.dir/all] Error 2
[0.310s] gmake: *** [Makefile:146: all] Error 2
[0.312s] Invoked command in '/home/tkdals/robot_ws/build/homework3_pkg' returned '2': CMAKE_PREFIX_PATH=/opt/ros/humble:/home/tkdals/robot_ws/install/dynamixel_sdk:/home/tkdals/robot_ws/install/homework2_2_pkg:/home/tkdals/robot_ws/install/tutorial_interfaces:/home/tkdals/robot_ws/install/homework3_pkg:/home/tkdals/robot_ws/install/homework1_pkg:/home/tkdals/robot_ws/install/ex_client_server_pkg LD_LIBRARY_PATH=/home/tkdals/robot_ws/install/dynamixel_sdk/lib:/home/tkdals/robot_ws/install/tutorial_interfaces/lib:/opt/ros/humble/opt/rviz_ogre_vendor/lib:/opt/ros/humble/lib/x86_64-linux-gnu:/opt/ros/humble/lib /usr/bin/cmake --build /home/tkdals/robot_ws/build/homework3_pkg -- -j20 -l20
