[0.007s] Invoking command in '/home/tkdals/robot_ws/build/homework3_pkg': CMAKE_PREFIX_PATH=/opt/ros/humble:/home/tkdals/robot_ws/install/dynamixel_sdk:/home/tkdals/robot_ws/install/homework2_2_pkg:/home/tkdals/robot_ws/install/tutorial_interfaces:/home/tkdals/robot_ws/install/homework3_pkg:/home/tkdals/robot_ws/install/homework1_pkg:/home/tkdals/robot_ws/install/ex_client_server_pkg LD_LIBRARY_PATH=/home/tkdals/robot_ws/install/dynamixel_sdk/lib:/home/tkdals/robot_ws/install/tutorial_interfaces/lib:/opt/ros/humble/opt/rviz_ogre_vendor/lib:/opt/ros/humble/lib/x86_64-linux-gnu:/opt/ros/humble/lib /usr/bin/cmake --build /home/tkdals/robot_ws/build/homework3_pkg -- -j20 -l20
[0.050s] [ 50%] [32mBuilding CXX object CMakeFiles/dynamixel.dir/src/homework3_pkg_trydynamixel.cpp.o[0m
[0.147s] [01m[K/home/tkdals/robot_ws/src/homework3_pkg/src/homework3_pkg_trydynamixel.cpp:37:21:[m[K [01;31m[Kerror: [m[Kâ€˜[01m[Krclcpp[m[Kâ€™ has not been declared
[0.147s]    37 | class Motor: public [01;31m[Krclcpp[m[K::Node
[0.147s]       |                     [01;31m[K^~~~~~[m[K
[0.147s] [01m[K/home/tkdals/robot_ws/src/homework3_pkg/src/homework3_pkg_trydynamixel.cpp:37:29:[m[K [01;31m[Kerror: [m[Kexpected â€˜[01m[K{[m[Kâ€™ before â€˜[01m[KNode[m[Kâ€™
[0.147s]    37 | class Motor: public rclcpp::[01;31m[KNode[m[K
[0.147s]       |                             [01;31m[K^~~~[m[K
[0.147s] [01m[K/home/tkdals/robot_ws/src/homework3_pkg/src/homework3_pkg_trydynamixel.cpp:39:1:[m[K [01;31m[Kerror: [m[Kexpected primary-expression before â€˜[01m[Kprivate[m[Kâ€™
[0.147s]    39 | [01;31m[Kprivate[m[K:
[0.147s]       | [01;31m[K^~~~~~~[m[K
[0.148s] [01m[K/home/tkdals/robot_ws/src/homework3_pkg/src/homework3_pkg_trydynamixel.cpp:39:1:[m[K [01;31m[Kerror: [m[Kexpected â€˜[01m[K}[m[Kâ€™ before â€˜[01m[Kprivate[m[Kâ€™
[0.148s] [01m[K/home/tkdals/robot_ws/src/homework3_pkg/src/homework3_pkg_trydynamixel.cpp:38:1:[m[K [01;36m[Knote: [m[Kto match this â€˜[01m[K{[m[Kâ€™
[0.148s]    38 | [01;36m[K{[m[K
[0.148s]       | [01;36m[K^[m[K
[0.148s] [01m[K/home/tkdals/robot_ws/src/homework3_pkg/src/homework3_pkg_trydynamixel.cpp:87:1:[m[K [01;31m[Kerror: [m[Kexpected unqualified-id before â€˜[01m[Kpublic[m[Kâ€™
[0.148s]    87 | [01;31m[Kpublic[m[K:
[0.148s]       | [01;31m[K^~~~~~[m[K
[0.149s] [01m[K/home/tkdals/robot_ws/src/homework3_pkg/src/homework3_pkg_trydynamixel.cpp:219:1:[m[K [01;31m[Kerror: [m[Kexpected declaration before â€˜[01m[K}[m[Kâ€™ token
[0.149s]   219 | [01;31m[K}[m[K
[0.149s]       | [01;31m[K^[m[K
[0.149s] [01m[K/home/tkdals/robot_ws/src/homework3_pkg/src/homework3_pkg_trydynamixel.cpp:[m[K In function â€˜[01m[Kint main(int, char**)[m[Kâ€™:
[0.149s] [01m[K/home/tkdals/robot_ws/src/homework3_pkg/src/homework3_pkg_trydynamixel.cpp:225:21:[m[K [01;31m[Kerror: [m[Kinvalid use of incomplete type â€˜[01m[Kclass Motor[m[Kâ€™
[0.149s]   225 | Motor(atoll(argv[1])[01;31m[K)[m[K;
[0.149s]       |                     [01;31m[K^[m[K
[0.149s] [01m[K/home/tkdals/robot_ws/src/homework3_pkg/src/homework3_pkg_trydynamixel.cpp:37:7:[m[K [01;36m[Knote: [m[Kforward declaration of â€˜[01m[Kclass Motor[m[Kâ€™
[0.149s]    37 | class [01;36m[KMotor[m[K: public rclcpp::Node
[0.149s]       |       [01;36m[K^~~~~[m[K
[0.149s] [01m[K/home/tkdals/robot_ws/src/homework3_pkg/src/homework3_pkg_trydynamixel.cpp:226:5:[m[K [01;31m[Kerror: [m[Kâ€˜[01m[Krclcpp[m[Kâ€™ has not been declared
[0.149s]   226 |     [01;31m[Krclcpp[m[K::spin(node);
[0.150s]       |     [01;31m[K^~~~~~[m[K
[0.150s] [01m[K/home/tkdals/robot_ws/src/homework3_pkg/src/homework3_pkg_trydynamixel.cpp:226:18:[m[K [01;31m[Kerror: [m[Kâ€˜[01m[Knode[m[Kâ€™ was not declared in this scope; did you mean â€˜[01m[KNode[m[Kâ€™?
[0.150s]   226 |     rclcpp::spin([01;31m[Knode[m[K);
[0.150s]       |                  [01;31m[K^~~~[m[K
[0.150s]       |                  [32m[KNode[m[K
[0.150s] [01m[K/home/tkdals/robot_ws/src/homework3_pkg/src/homework3_pkg_trydynamixel.cpp:227:5:[m[K [01;31m[Kerror: [m[Kâ€˜[01m[Krclcpp[m[Kâ€™ has not been declared
[0.150s]   227 |     [01;31m[Krclcpp[m[K::shutdown();
[0.150s]       |     [01;31m[K^~~~~~[m[K
[0.150s] [01m[K/home/tkdals/robot_ws/src/homework3_pkg/src/homework3_pkg_trydynamixel.cpp:223:14:[m[K [01;35m[Kwarning: [m[Kunused parameter â€˜[01m[Kargc[m[Kâ€™ [[01;35m[K]8;;https://gcc.gnu.org/onlinedocs/gcc/Warning-Options.html#index-Wunused-parameter-Wunused-parameter]8;;[m[K]
[0.150s]   223 | int main([01;35m[Kint argc[m[K, char **argv)
[0.150s]       |          [01;35m[K~~~~^~~~[m[K
[0.155s] gmake[2]: *** [CMakeFiles/dynamixel.dir/build.make:76: CMakeFiles/dynamixel.dir/src/homework3_pkg_trydynamixel.cpp.o] Error 1
[0.156s] gmake[1]: *** [CMakeFiles/Makefile2:137: CMakeFiles/dynamixel.dir/all] Error 2
[0.156s] gmake: *** [Makefile:146: all] Error 2
[0.158s] Invoked command in '/home/tkdals/robot_ws/build/homework3_pkg' returned '2': CMAKE_PREFIX_PATH=/opt/ros/humble:/home/tkdals/robot_ws/install/dynamixel_sdk:/home/tkdals/robot_ws/install/homework2_2_pkg:/home/tkdals/robot_ws/install/tutorial_interfaces:/home/tkdals/robot_ws/install/homework3_pkg:/home/tkdals/robot_ws/install/homework1_pkg:/home/tkdals/robot_ws/install/ex_client_server_pkg LD_LIBRARY_PATH=/home/tkdals/robot_ws/install/dynamixel_sdk/lib:/home/tkdals/robot_ws/install/tutorial_interfaces/lib:/opt/ros/humble/opt/rviz_ogre_vendor/lib:/opt/ros/humble/lib/x86_64-linux-gnu:/opt/ros/humble/lib /usr/bin/cmake --build /home/tkdals/robot_ws/build/homework3_pkg -- -j20 -l20
