[01m[K/home/tkdals/robot_ws/src/homework2_2_pkg/src/homework2_2_pkg_client.cpp:23:6:[m[K [01;31m[Kerror: [m[Kno declaration matches â€˜[01m[Kvoid ClientNode::Request(int64_t)[m[Kâ€™
   23 | void [01;31m[KClientNode[m[K::Request(int64_t input)
      |      [01;31m[K^~~~~~~~~~[m[K
[01m[K/home/tkdals/robot_ws/src/homework2_2_pkg/src/homework2_2_pkg_client.cpp:23:6:[m[K [01;36m[Knote: [m[Kno functions named â€˜[01m[Kvoid ClientNode::Request(int64_t)[m[Kâ€™
In file included from [01m[K/home/tkdals/robot_ws/src/homework2_2_pkg/src/homework2_2_pkg_client.cpp:2[m[K:
[01m[K/home/tkdals/robot_ws/src/homework2_2_pkg/include/homework2_2_pkg/homework2_2_pkg_client.hpp:7:7:[m[K [01;36m[Knote: [m[Kâ€˜[01m[Kclass ClientNode[m[Kâ€™ defined here
    7 | class [01;36m[KClientNode[m[K : public rclcpp::Node
      |       [01;36m[K^~~~~~~~~~[m[K
[01m[K/home/tkdals/robot_ws/src/homework2_2_pkg/src/homework2_2_pkg_client.cpp:[m[K In function â€˜[01m[Kint main(int, char**)[m[Kâ€™:
[01m[K/home/tkdals/robot_ws/src/homework2_2_pkg/src/homework2_2_pkg_client.cpp:55:11:[m[K [01;31m[Kerror: [m[Kâ€˜[01m[Kusing element_type = class ClientNode[m[Kâ€™ {aka â€˜[01m[Kclass ClientNode[m[Kâ€™} has no member named â€˜[01m[KRequest[m[Kâ€™
   55 |     node->[01;31m[KRequest[m[K(input_value);
      |           [01;31m[K^~~~~~~[m[K
gmake[2]: *** [CMakeFiles/client.dir/build.make:76: CMakeFiles/client.dir/src/homework2_2_pkg_client.cpp.o] Error 1
gmake[1]: *** [CMakeFiles/Makefile2:167: CMakeFiles/client.dir/all] Error 2
gmake: *** [Makefile:146: all] Error 2
